2023-07-20 18:58:05,510 [main] INFO Maven_project - Open browser
2023-07-20 18:58:05,683 [main] INFO Maven_project - maximize the browser
2023-07-20 18:58:07,509 [main] INFO Maven_project - Open application
2023-07-20 19:04:00,048 [main] INFO Maven_project - Open browser
2023-07-20 19:04:00,230 [main] INFO Maven_project - maximize the browser
2023-07-20 19:04:02,162 [main] INFO Maven_project - Open application
2023-07-20 19:05:18,150 [main] INFO Maven_project - Open browser
2023-07-20 19:05:18,361 [main] INFO Maven_project - maximize the browser
2023-07-20 19:05:20,125 [main] INFO Maven_project - Open application
2023-07-20 19:06:45,779 [main] INFO Maven_project - Open browser
2023-07-20 19:06:45,915 [main] INFO Maven_project - maximize the browser
2023-07-20 19:06:47,125 [main] INFO Maven_project - Open application
2023-07-20 19:06:47,318 [main] INFO Maven_project - enter the user email
2023-07-20 19:06:49,446 [main] INFO Maven_project - enter the user password
2023-07-20 19:06:53,512 [main] INFO Maven_project - click login
2023-07-21 10:51:50,724 [main] INFO Maven_project - Open browser
2023-07-21 10:51:50,909 [main] INFO Maven_project - maximize the browser
2023-07-21 10:51:52,409 [main] INFO Maven_project - Open application
2023-07-21 10:51:52,669 [main] INFO Maven_project - enter the user email
2023-07-21 10:51:54,789 [main] INFO Maven_project - enter the user password
2023-07-21 10:51:58,609 [main] INFO Maven_project - click login
2023-07-22 09:43:41,197 [main] INFO Maven_project - Open browser
2023-07-22 09:43:41,226 [main] INFO Maven_project - maximize the browser
2023-07-22 09:43:43,484 [main] INFO Maven_project - Open application
2023-07-22 09:46:34,338 [main] INFO Maven_project - Open browser
2023-07-22 09:46:34,369 [main] INFO Maven_project - maximize the browser
2023-07-22 09:46:36,487 [main] INFO Maven_project - Open application
2023-07-22 09:46:36,687 [main] INFO Maven_project - enter the user email
2023-07-22 09:46:38,770 [main] INFO Maven_project - enter the user password
2023-07-22 09:46:41,404 [main] INFO Maven_project - click login
2023-07-22 17:17:23,828 [main] INFO Maven_project - Open browser
2023-07-22 17:17:23,855 [main] INFO Maven_project - maximize the browser
2023-07-22 17:17:25,923 [main] INFO Maven_project - Open application
2023-07-22 17:17:26,052 [main] INFO Maven_project - enter the user email
2023-07-22 17:17:28,167 [main] INFO Maven_project - enter the user password
2023-07-22 17:17:31,651 [main] INFO Maven_project - click login
2023-07-22 23:14:49,119 [main] INFO Maven_project - Open browser
2023-07-22 23:14:49,141 [main] INFO Maven_project - maximize the browser
2023-07-22 23:14:50,544 [main] INFO Maven_project - Open application
2023-07-22 23:14:50,720 [main] INFO Maven_project - enter the user email
2023-07-22 23:14:52,839 [main] INFO Maven_project - enter the user password
2023-07-22 23:14:56,296 [main] INFO Maven_project - click login
2023-07-22 23:15:09,236 [main] INFO Maven_project - Open browser
2023-07-22 23:15:09,248 [main] INFO Maven_project - maximize the browser
2023-07-22 23:15:11,468 [main] INFO Maven_project - Open application
2023-07-22 23:15:11,616 [main] INFO Maven_project - enter the user email
2023-07-22 23:15:13,678 [main] INFO Maven_project - enter the user password
2023-07-22 23:15:17,068 [main] INFO Maven_project - click login
2023-07-22 23:15:30,344 [main] INFO Maven_project - Open browser
2023-07-22 23:15:30,354 [main] INFO Maven_project - maximize the browser
2023-07-22 23:15:32,495 [main] INFO Maven_project - Open application
2023-07-22 23:15:32,748 [main] INFO Maven_project - enter the user email
2023-07-22 23:15:34,910 [main] INFO Maven_project - enter the user password
2023-07-22 23:15:38,196 [main] INFO Maven_project - click login
2023-07-22 23:15:51,476 [main] INFO Maven_project - Open browser
2023-07-22 23:15:51,482 [main] INFO Maven_project - maximize the browser
2023-07-22 23:15:54,046 [main] INFO Maven_project - Open application
2023-07-22 23:15:54,233 [main] INFO Maven_project - enter the user email
2023-07-22 23:15:56,304 [main] INFO Maven_project - enter the user password
2023-07-22 23:15:59,781 [main] INFO Maven_project - click login
2023-07-22 23:16:13,686 [main] INFO Maven_project - Open browser
2023-07-22 23:16:13,697 [main] INFO Maven_project - maximize the browser
2023-07-22 23:16:15,706 [main] INFO Maven_project - Open application
2023-07-22 23:16:15,814 [main] INFO Maven_project - enter the user email
2023-07-22 23:16:17,913 [main] INFO Maven_project - enter the user password
2023-07-22 23:16:21,210 [main] INFO Maven_project - click login
2023-07-22 23:17:42,212 [main] INFO Maven_project - Open browser
2023-07-22 23:17:42,241 [main] INFO Maven_project - maximize the browser
2023-07-22 23:17:44,233 [main] INFO Maven_project - Open application
2023-07-22 23:17:44,379 [main] INFO Maven_project - enter the user email
2023-07-22 23:17:46,483 [main] INFO Maven_project - enter the user password
2023-07-22 23:17:50,463 [main] INFO Maven_project - click login
2023-07-22 23:17:52,476 [main] INFO Maven_project - pass
2023-07-22 23:18:03,159 [main] INFO Maven_project - Open browser
2023-07-22 23:18:03,168 [main] INFO Maven_project - maximize the browser
2023-07-22 23:18:05,315 [main] INFO Maven_project - Open application
2023-07-22 23:18:05,475 [main] INFO Maven_project - enter the user email
2023-07-22 23:18:07,581 [main] INFO Maven_project - enter the user password
2023-07-22 23:18:10,228 [main] INFO Maven_project - click login
2023-07-22 23:18:22,726 [main] INFO Maven_project - Open browser
2023-07-22 23:18:22,734 [main] INFO Maven_project - maximize the browser
2023-07-22 23:18:24,807 [main] INFO Maven_project - Open application
2023-07-22 23:18:24,926 [main] INFO Maven_project - enter the user email
2023-07-22 23:18:27,040 [main] INFO Maven_project - enter the user password
2023-07-22 23:18:29,619 [main] INFO Maven_project - click login
2023-07-22 23:18:42,206 [main] INFO Maven_project - Open browser
2023-07-22 23:18:42,212 [main] INFO Maven_project - maximize the browser
2023-07-22 23:18:44,209 [main] INFO Maven_project - Open application
2023-07-22 23:18:44,311 [main] INFO Maven_project - enter the user email
2023-07-22 23:18:46,446 [main] INFO Maven_project - enter the user password
2023-07-22 23:18:49,091 [main] INFO Maven_project - click login
2023-07-22 23:19:01,293 [main] INFO Maven_project - Open browser
2023-07-22 23:19:01,301 [main] INFO Maven_project - maximize the browser
2023-07-22 23:19:02,515 [main] INFO Maven_project - Open application
2023-07-22 23:19:02,647 [main] INFO Maven_project - enter the user email
2023-07-22 23:19:04,764 [main] INFO Maven_project - enter the user password
2023-07-22 23:19:08,149 [main] INFO Maven_project - click login
2023-07-22 23:21:05,627 [main] INFO Maven_project - Open browser
2023-07-22 23:21:05,655 [main] INFO Maven_project - maximize the browser
2023-07-22 23:21:07,709 [main] INFO Maven_project - Open application
2023-07-22 23:21:07,837 [main] INFO Maven_project - enter the user email
2023-07-22 23:21:09,972 [main] INFO Maven_project - enter the user password
2023-07-22 23:21:13,888 [main] INFO Maven_project - click login
2023-07-22 23:21:15,908 [main] INFO Maven_project - pass
2023-07-22 23:21:26,291 [main] INFO Maven_project - Open browser
2023-07-22 23:21:26,298 [main] INFO Maven_project - maximize the browser
2023-07-22 23:21:28,400 [main] INFO Maven_project - Open application
2023-07-22 23:21:28,501 [main] INFO Maven_project - enter the user email
2023-07-22 23:21:30,603 [main] INFO Maven_project - enter the user password
2023-07-22 23:21:34,095 [main] INFO Maven_project - click login
2023-07-22 23:21:46,536 [main] INFO Maven_project - Open browser
2023-07-22 23:21:46,547 [main] INFO Maven_project - maximize the browser
2023-07-22 23:21:47,948 [main] INFO Maven_project - Open application
2023-07-22 23:21:48,106 [main] INFO Maven_project - enter the user email
2023-07-22 23:21:50,219 [main] INFO Maven_project - enter the user password
2023-07-22 23:21:53,557 [main] INFO Maven_project - click login
2023-07-22 23:22:05,910 [main] INFO Maven_project - Open browser
2023-07-22 23:22:05,917 [main] INFO Maven_project - maximize the browser
2023-07-22 23:22:07,933 [main] INFO Maven_project - Open application
2023-07-22 23:22:08,062 [main] INFO Maven_project - enter the user email
2023-07-22 23:22:10,180 [main] INFO Maven_project - enter the user password
2023-07-22 23:22:13,548 [main] INFO Maven_project - click login
2023-07-22 23:22:26,222 [main] INFO Maven_project - Open browser
2023-07-22 23:22:26,230 [main] INFO Maven_project - maximize the browser
2023-07-22 23:22:28,226 [main] INFO Maven_project - Open application
2023-07-22 23:22:28,359 [main] INFO Maven_project - enter the user email
2023-07-22 23:22:30,459 [main] INFO Maven_project - enter the user password
2023-07-22 23:22:33,084 [main] INFO Maven_project - click login
2023-07-23 10:10:29,616 [main] INFO Maven_project - Open browser
2023-07-23 10:10:29,641 [main] INFO Maven_project - maximize the browser
2023-07-23 10:10:31,629 [main] INFO Maven_project - Open application
2023-07-23 10:10:31,792 [main] INFO Maven_project - enter the user email
2023-07-23 10:10:33,873 [main] INFO Maven_project - enter the user password
2023-07-23 10:10:37,231 [main] INFO Maven_project - click login
2023-07-23 11:05:12,694 [main] INFO Maven_project - Open browser
2023-07-23 11:05:12,716 [main] INFO Maven_project - maximize the browser
2023-07-23 11:05:14,797 [main] INFO Maven_project - Open application
2023-07-23 11:05:14,967 [main] INFO Maven_project - enter the user email
2023-07-23 11:05:17,038 [main] INFO Maven_project - enter the user password
2023-07-23 11:05:20,336 [main] INFO Maven_project - click login
2023-07-23 11:10:37,390 [main] INFO Maven_project - Open browser
2023-07-23 11:10:37,409 [main] INFO Maven_project - maximize the browser
2023-07-23 11:10:39,466 [main] INFO Maven_project - Open application
2023-07-23 11:10:39,641 [main] INFO Maven_project - enter the user email
2023-07-23 11:10:41,708 [main] INFO Maven_project - enter the user password
2023-07-23 11:10:45,021 [main] INFO Maven_project - click login
2023-07-23 11:12:55,841 [main] INFO Maven_project - Open browser
2023-07-23 11:12:55,860 [main] INFO Maven_project - maximize the browser
2023-07-23 11:12:57,893 [main] INFO Maven_project - Open application
2023-07-23 11:12:58,032 [main] INFO Maven_project - enter the user email
2023-07-23 11:13:00,083 [main] INFO Maven_project - enter the user password
2023-07-23 11:13:03,364 [main] INFO Maven_project - click login
2023-07-23 14:55:02,942 [main] INFO Maven_project - Open browser
2023-07-23 14:55:02,977 [main] INFO Maven_project - maximize the browser
2023-07-23 14:55:05,226 [main] INFO Maven_project - Open application
2023-07-23 14:55:05,460 [main] INFO Maven_project - enter the user email
2023-07-23 14:55:07,590 [main] INFO Maven_project - enter the user password
2023-07-23 14:55:11,038 [main] INFO Maven_project - click login
2023-07-23 14:58:38,054 [main] INFO Maven_project - Open browser
2023-07-23 14:58:38,074 [main] INFO Maven_project - maximize the browser
2023-07-23 14:58:40,158 [main] INFO Maven_project - Open application
2023-07-23 14:58:40,321 [main] INFO Maven_project - enter the user email
2023-07-23 14:58:42,440 [main] INFO Maven_project - enter the user password
2023-07-23 14:58:45,848 [main] INFO Maven_project - click login
2023-07-24 13:23:44,509 [main] INFO Maven_project - Open browser
2023-07-24 13:23:44,537 [main] INFO Maven_project - maximize the browser
2023-07-24 13:23:49,525 [main] INFO Maven_project - Open application
2023-07-24 13:23:49,730 [main] INFO Maven_project - enter the user email
2023-07-24 13:23:51,798 [main] INFO Maven_project - enter the user password
2023-07-24 13:23:55,081 [main] INFO Maven_project - click login
2023-07-24 13:24:08,491 [main] INFO Maven_project - Open browser
2023-07-24 13:24:08,503 [main] INFO Maven_project - maximize the browser
2023-07-24 13:24:10,809 [main] INFO Maven_project - Open application
2023-07-24 13:24:10,963 [main] INFO Maven_project - enter the user email
2023-07-24 13:24:13,033 [main] INFO Maven_project - enter the user password
2023-07-24 13:24:16,374 [main] INFO Maven_project - click login
2023-07-24 13:24:29,292 [main] INFO Maven_project - Open browser
2023-07-24 13:24:29,302 [main] INFO Maven_project - maximize the browser
2023-07-24 13:24:31,825 [main] INFO Maven_project - Open application
2023-07-24 13:24:32,058 [main] INFO Maven_project - enter the user email
2023-07-24 13:24:34,115 [main] INFO Maven_project - enter the user password
2023-07-24 13:24:37,491 [main] INFO Maven_project - click login
2023-07-24 13:24:50,412 [main] INFO Maven_project - Open browser
2023-07-24 13:24:50,418 [main] INFO Maven_project - maximize the browser
2023-07-24 13:24:52,431 [main] INFO Maven_project - Open application
2023-07-24 13:24:52,576 [main] INFO Maven_project - enter the user email
2023-07-24 13:24:54,626 [main] INFO Maven_project - enter the user password
2023-07-24 13:24:57,987 [main] INFO Maven_project - click login
2023-07-24 13:25:12,952 [main] INFO Maven_project - Open browser
2023-07-24 13:25:12,958 [main] INFO Maven_project - maximize the browser
2023-07-24 13:25:14,299 [main] INFO Maven_project - Open application
2023-07-24 13:25:14,505 [main] INFO Maven_project - enter the user email
2023-07-24 13:25:16,573 [main] INFO Maven_project - enter the user password
2023-07-24 13:25:19,536 [main] INFO Maven_project - Open browser
2023-07-24 13:25:19,554 [main] INFO Maven_project - maximize the browser
2023-07-24 13:25:19,986 [main] INFO Maven_project - click login
2023-07-24 13:25:21,941 [main] INFO Maven_project - Open application
2023-07-24 13:25:22,247 [main] INFO Maven_project - enter the user email
2023-07-24 13:25:24,342 [main] INFO Maven_project - enter the user password
2023-07-24 17:44:37,179 [main] INFO Maven_project - Open browser
2023-07-24 17:44:37,208 [main] INFO Maven_project - maximize the browser
2023-07-24 17:44:39,411 [main] INFO Maven_project - Open application
2023-07-24 17:44:39,679 [main] INFO Maven_project - enter the user email
2023-07-24 17:44:41,741 [main] INFO Maven_project - enter the user password
2023-07-24 17:44:44,412 [main] INFO Maven_project - click login
2023-07-24 17:44:59,369 [main] INFO Maven_project - Open browser
2023-07-24 17:44:59,379 [main] INFO Maven_project - maximize the browser
2023-07-24 17:45:02,266 [main] INFO Maven_project - Open application
2023-07-24 17:45:02,370 [main] INFO Maven_project - enter the user email
2023-07-24 17:45:04,437 [main] INFO Maven_project - enter the user password
2023-07-24 17:45:07,824 [main] INFO Maven_project - click login
2023-07-24 17:45:21,224 [main] INFO Maven_project - Open browser
2023-07-24 17:45:21,234 [main] INFO Maven_project - maximize the browser
2023-07-24 17:45:23,315 [main] INFO Maven_project - Open application
2023-07-24 17:45:23,430 [main] INFO Maven_project - enter the user email
2023-07-24 17:45:25,492 [main] INFO Maven_project - enter the user password
2023-07-24 17:45:28,070 [main] INFO Maven_project - click login
2023-07-24 17:45:41,485 [main] INFO Maven_project - Open browser
2023-07-24 17:45:41,497 [main] INFO Maven_project - maximize the browser
2023-07-24 17:45:43,485 [main] INFO Maven_project - Open application
2023-07-24 17:45:43,634 [main] INFO Maven_project - enter the user email
2023-07-24 17:45:45,737 [main] INFO Maven_project - enter the user password
2023-07-24 17:45:48,336 [main] INFO Maven_project - click login
2023-07-24 17:46:01,170 [main] INFO Maven_project - Open browser
2023-07-24 17:46:01,182 [main] INFO Maven_project - maximize the browser
2023-07-24 17:46:02,449 [main] INFO Maven_project - Open application
2023-07-24 17:46:02,597 [main] INFO Maven_project - enter the user email
2023-07-24 17:46:04,709 [main] INFO Maven_project - enter the user password
2023-07-24 17:46:07,324 [main] INFO Maven_project - click login
2023-07-24 17:46:20,510 [main] INFO Maven_project - Open browser
2023-07-24 17:46:20,516 [main] INFO Maven_project - maximize the browser
2023-07-24 17:46:21,835 [main] INFO Maven_project - Open application
2023-07-24 17:46:21,960 [main] INFO Maven_project - enter the user email
2023-07-24 17:46:24,069 [main] INFO Maven_project - enter the user password
2023-07-24 17:46:26,765 [main] INFO Maven_project - click login
2023-07-24 17:51:27,135 [main] INFO Maven_project - Open browser
2023-07-24 17:51:27,155 [main] INFO Maven_project - maximize the browser
2023-07-24 17:51:29,620 [main] INFO Maven_project - Open application
2023-07-24 17:51:29,839 [main] INFO Maven_project - enter the user email
2023-07-24 17:51:31,918 [main] INFO Maven_project - enter the user password
2023-07-24 17:51:35,288 [main] INFO Maven_project - click login
2023-07-24 17:51:50,769 [main] INFO Maven_project - Open browser
2023-07-24 17:51:50,781 [main] INFO Maven_project - maximize the browser
2023-07-24 17:51:53,008 [main] INFO Maven_project - Open application
2023-07-24 17:51:53,140 [main] INFO Maven_project - enter the user email
2023-07-24 17:51:55,295 [main] INFO Maven_project - enter the user password
2023-07-24 17:51:58,764 [main] INFO Maven_project - click login
2023-07-24 17:52:12,065 [main] INFO Maven_project - Open browser
2023-07-24 17:52:12,081 [main] INFO Maven_project - maximize the browser
2023-07-24 17:52:14,208 [main] INFO Maven_project - Open application
2023-07-24 17:52:14,418 [main] INFO Maven_project - enter the user email
2023-07-24 17:52:16,490 [main] INFO Maven_project - enter the user password
2023-07-24 17:52:19,215 [main] INFO Maven_project - click login
2023-07-24 17:52:32,551 [main] INFO Maven_project - Open browser
2023-07-24 17:52:32,562 [main] INFO Maven_project - maximize the browser
2023-07-24 17:52:34,589 [main] INFO Maven_project - Open application
2023-07-24 17:52:34,839 [main] INFO Maven_project - enter the user email
2023-07-24 17:52:36,969 [main] INFO Maven_project - enter the user password
2023-07-24 17:52:40,395 [main] INFO Maven_project - click login
2023-07-24 17:52:53,887 [main] INFO Maven_project - Open browser
2023-07-24 17:52:53,896 [main] INFO Maven_project - maximize the browser
2023-07-24 17:52:55,968 [main] INFO Maven_project - Open application
2023-07-24 17:52:56,079 [main] INFO Maven_project - enter the user email
2023-07-24 17:52:58,195 [main] INFO Maven_project - enter the user password
2023-07-24 17:53:01,640 [main] INFO Maven_project - click login
2023-07-24 17:53:15,347 [main] INFO Maven_project - Open browser
2023-07-24 17:53:15,353 [main] INFO Maven_project - maximize the browser
2023-07-24 17:53:17,717 [main] INFO Maven_project - Open application
2023-07-24 17:53:17,844 [main] INFO Maven_project - enter the user email
2023-07-24 17:53:19,935 [main] INFO Maven_project - enter the user password
2023-07-24 17:53:23,425 [main] INFO Maven_project - click login
2023-07-25 13:35:24,222 [main] INFO Maven_project - Open browser
2023-07-25 13:35:24,244 [main] INFO Maven_project - maximize the browser
2023-07-25 13:35:26,538 [main] INFO Maven_project - Open application
2023-07-25 13:35:26,731 [main] INFO Maven_project - enter the user email
2023-07-25 13:35:28,782 [main] INFO Maven_project - enter the user password
2023-07-25 13:35:31,360 [main] INFO Maven_project - click login
2023-07-25 13:35:46,413 [main] INFO Maven_project - Open browser
2023-07-25 13:35:46,440 [main] INFO Maven_project - maximize the browser
2023-07-25 13:35:48,594 [main] INFO Maven_project - Open application
2023-07-25 13:35:48,710 [main] INFO Maven_project - enter the user email
2023-07-25 13:35:50,830 [main] INFO Maven_project - enter the user password
2023-07-25 13:35:54,164 [main] INFO Maven_project - click login
2023-07-25 13:36:07,289 [main] INFO Maven_project - Open browser
2023-07-25 13:36:07,298 [main] INFO Maven_project - maximize the browser
2023-07-25 13:36:08,568 [main] INFO Maven_project - Open application
2023-07-25 13:36:08,730 [main] INFO Maven_project - enter the user email
2023-07-25 13:36:10,836 [main] INFO Maven_project - enter the user password
2023-07-25 13:36:13,421 [main] INFO Maven_project - click login
2023-07-25 13:36:26,768 [main] INFO Maven_project - Open browser
2023-07-25 13:36:26,775 [main] INFO Maven_project - maximize the browser
2023-07-25 13:36:28,841 [main] INFO Maven_project - Open application
2023-07-25 13:36:28,983 [main] INFO Maven_project - enter the user email
2023-07-25 13:36:31,083 [main] INFO Maven_project - enter the user password
2023-07-25 13:36:33,733 [main] INFO Maven_project - click login
2023-07-25 13:36:46,642 [main] INFO Maven_project - Open browser
2023-07-25 13:36:46,651 [main] INFO Maven_project - maximize the browser
2023-07-25 13:36:49,834 [main] INFO Maven_project - Open application
2023-07-25 13:36:49,939 [main] INFO Maven_project - enter the user email
2023-07-25 13:36:52,033 [main] INFO Maven_project - enter the user password
2023-07-25 13:36:54,644 [main] INFO Maven_project - click login
2023-07-25 13:37:07,528 [main] INFO Maven_project - Open browser
2023-07-25 13:37:07,534 [main] INFO Maven_project - maximize the browser
2023-07-25 13:37:08,858 [main] INFO Maven_project - Open application
2023-07-25 13:37:08,972 [main] INFO Maven_project - enter the user email
2023-07-25 13:37:11,059 [main] INFO Maven_project - enter the user password
2023-07-25 13:37:14,368 [main] INFO Maven_project - click login
