2023-07-20 18:58:05,510 - Maven_project -INFO - Open browser
2023-07-20 18:58:05,683 - Maven_project -INFO - maximize the browser
2023-07-20 18:58:07,509 - Maven_project -INFO - Open application
2023-07-20 19:04:00,048 - Maven_project -INFO - Open browser
2023-07-20 19:04:00,230 - Maven_project -INFO - maximize the browser
2023-07-20 19:04:02,162 - Maven_project -INFO - Open application
2023-07-20 19:05:18,150 - Maven_project -INFO - Open browser
2023-07-20 19:05:18,361 - Maven_project -INFO - maximize the browser
2023-07-20 19:05:20,125 - Maven_project -INFO - Open application
2023-07-20 19:06:45,779 - Maven_project -INFO - Open browser
2023-07-20 19:06:45,915 - Maven_project -INFO - maximize the browser
2023-07-20 19:06:47,125 - Maven_project -INFO - Open application
2023-07-20 19:06:47,318 - Maven_project -INFO - enter the user email
2023-07-20 19:06:49,446 - Maven_project -INFO - enter the user password
2023-07-20 19:06:53,512 - Maven_project -INFO - click login
2023-07-21 10:51:50,724 - Maven_project -INFO - Open browser
2023-07-21 10:51:50,909 - Maven_project -INFO - maximize the browser
2023-07-21 10:51:52,409 - Maven_project -INFO - Open application
2023-07-21 10:51:52,669 - Maven_project -INFO - enter the user email
2023-07-21 10:51:54,789 - Maven_project -INFO - enter the user password
2023-07-21 10:51:58,609 - Maven_project -INFO - click login
2023-07-22 09:43:41,197 - Maven_project -INFO - Open browser
2023-07-22 09:43:41,226 - Maven_project -INFO - maximize the browser
2023-07-22 09:43:43,484 - Maven_project -INFO - Open application
2023-07-22 09:46:34,338 - Maven_project -INFO - Open browser
2023-07-22 09:46:34,369 - Maven_project -INFO - maximize the browser
2023-07-22 09:46:36,487 - Maven_project -INFO - Open application
2023-07-22 09:46:36,687 - Maven_project -INFO - enter the user email
2023-07-22 09:46:38,770 - Maven_project -INFO - enter the user password
2023-07-22 09:46:41,404 - Maven_project -INFO - click login
2023-07-22 17:17:23,828 - Maven_project -INFO - Open browser
2023-07-22 17:17:23,855 - Maven_project -INFO - maximize the browser
2023-07-22 17:17:25,923 - Maven_project -INFO - Open application
2023-07-22 17:17:26,052 - Maven_project -INFO - enter the user email
2023-07-22 17:17:28,167 - Maven_project -INFO - enter the user password
2023-07-22 17:17:31,651 - Maven_project -INFO - click login
2023-07-22 23:14:49,119 - Maven_project -INFO - Open browser
2023-07-22 23:14:49,141 - Maven_project -INFO - maximize the browser
2023-07-22 23:14:50,544 - Maven_project -INFO - Open application
2023-07-22 23:14:50,720 - Maven_project -INFO - enter the user email
2023-07-22 23:14:52,839 - Maven_project -INFO - enter the user password
2023-07-22 23:14:56,296 - Maven_project -INFO - click login
2023-07-22 23:15:09,236 - Maven_project -INFO - Open browser
2023-07-22 23:15:09,248 - Maven_project -INFO - maximize the browser
2023-07-22 23:15:11,468 - Maven_project -INFO - Open application
2023-07-22 23:15:11,616 - Maven_project -INFO - enter the user email
2023-07-22 23:15:13,678 - Maven_project -INFO - enter the user password
2023-07-22 23:15:17,068 - Maven_project -INFO - click login
2023-07-22 23:15:30,344 - Maven_project -INFO - Open browser
2023-07-22 23:15:30,354 - Maven_project -INFO - maximize the browser
2023-07-22 23:15:32,495 - Maven_project -INFO - Open application
2023-07-22 23:15:32,748 - Maven_project -INFO - enter the user email
2023-07-22 23:15:34,910 - Maven_project -INFO - enter the user password
2023-07-22 23:15:38,196 - Maven_project -INFO - click login
2023-07-22 23:15:51,476 - Maven_project -INFO - Open browser
2023-07-22 23:15:51,482 - Maven_project -INFO - maximize the browser
2023-07-22 23:15:54,046 - Maven_project -INFO - Open application
2023-07-22 23:15:54,233 - Maven_project -INFO - enter the user email
2023-07-22 23:15:56,304 - Maven_project -INFO - enter the user password
2023-07-22 23:15:59,781 - Maven_project -INFO - click login
2023-07-22 23:16:13,686 - Maven_project -INFO - Open browser
2023-07-22 23:16:13,697 - Maven_project -INFO - maximize the browser
2023-07-22 23:16:15,706 - Maven_project -INFO - Open application
2023-07-22 23:16:15,814 - Maven_project -INFO - enter the user email
2023-07-22 23:16:17,913 - Maven_project -INFO - enter the user password
2023-07-22 23:16:21,210 - Maven_project -INFO - click login
2023-07-22 23:17:42,212 - Maven_project -INFO - Open browser
2023-07-22 23:17:42,241 - Maven_project -INFO - maximize the browser
2023-07-22 23:17:44,233 - Maven_project -INFO - Open application
2023-07-22 23:17:44,379 - Maven_project -INFO - enter the user email
2023-07-22 23:17:46,483 - Maven_project -INFO - enter the user password
2023-07-22 23:17:50,463 - Maven_project -INFO - click login
2023-07-22 23:17:52,476 - Maven_project -INFO - pass
2023-07-22 23:18:03,159 - Maven_project -INFO - Open browser
2023-07-22 23:18:03,168 - Maven_project -INFO - maximize the browser
2023-07-22 23:18:05,315 - Maven_project -INFO - Open application
2023-07-22 23:18:05,475 - Maven_project -INFO - enter the user email
2023-07-22 23:18:07,581 - Maven_project -INFO - enter the user password
2023-07-22 23:18:10,228 - Maven_project -INFO - click login
2023-07-22 23:18:22,726 - Maven_project -INFO - Open browser
2023-07-22 23:18:22,734 - Maven_project -INFO - maximize the browser
2023-07-22 23:18:24,807 - Maven_project -INFO - Open application
2023-07-22 23:18:24,926 - Maven_project -INFO - enter the user email
2023-07-22 23:18:27,040 - Maven_project -INFO - enter the user password
2023-07-22 23:18:29,619 - Maven_project -INFO - click login
2023-07-22 23:18:42,206 - Maven_project -INFO - Open browser
2023-07-22 23:18:42,212 - Maven_project -INFO - maximize the browser
2023-07-22 23:18:44,209 - Maven_project -INFO - Open application
2023-07-22 23:18:44,311 - Maven_project -INFO - enter the user email
2023-07-22 23:18:46,446 - Maven_project -INFO - enter the user password
2023-07-22 23:18:49,091 - Maven_project -INFO - click login
2023-07-22 23:19:01,293 - Maven_project -INFO - Open browser
2023-07-22 23:19:01,301 - Maven_project -INFO - maximize the browser
2023-07-22 23:19:02,515 - Maven_project -INFO - Open application
2023-07-22 23:19:02,647 - Maven_project -INFO - enter the user email
2023-07-22 23:19:04,764 - Maven_project -INFO - enter the user password
2023-07-22 23:19:08,149 - Maven_project -INFO - click login
2023-07-22 23:21:05,627 - Maven_project -INFO - Open browser
2023-07-22 23:21:05,655 - Maven_project -INFO - maximize the browser
2023-07-22 23:21:07,709 - Maven_project -INFO - Open application
2023-07-22 23:21:07,837 - Maven_project -INFO - enter the user email
2023-07-22 23:21:09,972 - Maven_project -INFO - enter the user password
2023-07-22 23:21:13,888 - Maven_project -INFO - click login
2023-07-22 23:21:15,908 - Maven_project -INFO - pass
2023-07-22 23:21:26,291 - Maven_project -INFO - Open browser
2023-07-22 23:21:26,298 - Maven_project -INFO - maximize the browser
2023-07-22 23:21:28,400 - Maven_project -INFO - Open application
2023-07-22 23:21:28,501 - Maven_project -INFO - enter the user email
2023-07-22 23:21:30,603 - Maven_project -INFO - enter the user password
2023-07-22 23:21:34,095 - Maven_project -INFO - click login
2023-07-22 23:21:46,536 - Maven_project -INFO - Open browser
2023-07-22 23:21:46,547 - Maven_project -INFO - maximize the browser
2023-07-22 23:21:47,948 - Maven_project -INFO - Open application
2023-07-22 23:21:48,106 - Maven_project -INFO - enter the user email
2023-07-22 23:21:50,219 - Maven_project -INFO - enter the user password
2023-07-22 23:21:53,557 - Maven_project -INFO - click login
2023-07-22 23:22:05,910 - Maven_project -INFO - Open browser
2023-07-22 23:22:05,917 - Maven_project -INFO - maximize the browser
2023-07-22 23:22:07,933 - Maven_project -INFO - Open application
2023-07-22 23:22:08,062 - Maven_project -INFO - enter the user email
2023-07-22 23:22:10,180 - Maven_project -INFO - enter the user password
2023-07-22 23:22:13,548 - Maven_project -INFO - click login
2023-07-22 23:22:26,222 - Maven_project -INFO - Open browser
2023-07-22 23:22:26,230 - Maven_project -INFO - maximize the browser
2023-07-22 23:22:28,226 - Maven_project -INFO - Open application
2023-07-22 23:22:28,359 - Maven_project -INFO - enter the user email
2023-07-22 23:22:30,459 - Maven_project -INFO - enter the user password
2023-07-22 23:22:33,084 - Maven_project -INFO - click login
2023-07-23 10:10:29,616 - Maven_project -INFO - Open browser
2023-07-23 10:10:29,641 - Maven_project -INFO - maximize the browser
2023-07-23 10:10:31,629 - Maven_project -INFO - Open application
2023-07-23 10:10:31,792 - Maven_project -INFO - enter the user email
2023-07-23 10:10:33,873 - Maven_project -INFO - enter the user password
2023-07-23 10:10:37,231 - Maven_project -INFO - click login
2023-07-23 11:05:12,694 - Maven_project -INFO - Open browser
2023-07-23 11:05:12,716 - Maven_project -INFO - maximize the browser
2023-07-23 11:05:14,797 - Maven_project -INFO - Open application
2023-07-23 11:05:14,967 - Maven_project -INFO - enter the user email
2023-07-23 11:05:17,038 - Maven_project -INFO - enter the user password
2023-07-23 11:05:20,336 - Maven_project -INFO - click login
2023-07-23 11:10:37,390 - Maven_project -INFO - Open browser
2023-07-23 11:10:37,409 - Maven_project -INFO - maximize the browser
2023-07-23 11:10:39,466 - Maven_project -INFO - Open application
2023-07-23 11:10:39,641 - Maven_project -INFO - enter the user email
2023-07-23 11:10:41,708 - Maven_project -INFO - enter the user password
2023-07-23 11:10:45,021 - Maven_project -INFO - click login
2023-07-23 11:12:55,841 - Maven_project -INFO - Open browser
2023-07-23 11:12:55,860 - Maven_project -INFO - maximize the browser
2023-07-23 11:12:57,893 - Maven_project -INFO - Open application
2023-07-23 11:12:58,032 - Maven_project -INFO - enter the user email
2023-07-23 11:13:00,083 - Maven_project -INFO - enter the user password
2023-07-23 11:13:03,364 - Maven_project -INFO - click login
2023-07-23 14:55:02,942 - Maven_project -INFO - Open browser
2023-07-23 14:55:02,977 - Maven_project -INFO - maximize the browser
2023-07-23 14:55:05,226 - Maven_project -INFO - Open application
2023-07-23 14:55:05,460 - Maven_project -INFO - enter the user email
2023-07-23 14:55:07,590 - Maven_project -INFO - enter the user password
2023-07-23 14:55:11,038 - Maven_project -INFO - click login
2023-07-23 14:58:38,054 - Maven_project -INFO - Open browser
2023-07-23 14:58:38,074 - Maven_project -INFO - maximize the browser
2023-07-23 14:58:40,158 - Maven_project -INFO - Open application
2023-07-23 14:58:40,321 - Maven_project -INFO - enter the user email
2023-07-23 14:58:42,440 - Maven_project -INFO - enter the user password
2023-07-23 14:58:45,848 - Maven_project -INFO - click login
2023-07-24 13:23:44,509 - Maven_project -INFO - Open browser
2023-07-24 13:23:44,537 - Maven_project -INFO - maximize the browser
2023-07-24 13:23:49,525 - Maven_project -INFO - Open application
2023-07-24 13:23:49,730 - Maven_project -INFO - enter the user email
2023-07-24 13:23:51,798 - Maven_project -INFO - enter the user password
2023-07-24 13:23:55,081 - Maven_project -INFO - click login
2023-07-24 13:24:08,491 - Maven_project -INFO - Open browser
2023-07-24 13:24:08,503 - Maven_project -INFO - maximize the browser
2023-07-24 13:24:10,809 - Maven_project -INFO - Open application
2023-07-24 13:24:10,963 - Maven_project -INFO - enter the user email
2023-07-24 13:24:13,033 - Maven_project -INFO - enter the user password
2023-07-24 13:24:16,374 - Maven_project -INFO - click login
2023-07-24 13:24:29,292 - Maven_project -INFO - Open browser
2023-07-24 13:24:29,302 - Maven_project -INFO - maximize the browser
2023-07-24 13:24:31,825 - Maven_project -INFO - Open application
2023-07-24 13:24:32,058 - Maven_project -INFO - enter the user email
2023-07-24 13:24:34,115 - Maven_project -INFO - enter the user password
2023-07-24 13:24:37,491 - Maven_project -INFO - click login
2023-07-24 13:24:50,412 - Maven_project -INFO - Open browser
2023-07-24 13:24:50,418 - Maven_project -INFO - maximize the browser
2023-07-24 13:24:52,431 - Maven_project -INFO - Open application
2023-07-24 13:24:52,576 - Maven_project -INFO - enter the user email
2023-07-24 13:24:54,626 - Maven_project -INFO - enter the user password
2023-07-24 13:24:57,987 - Maven_project -INFO - click login
2023-07-24 13:25:12,952 - Maven_project -INFO - Open browser
2023-07-24 13:25:12,958 - Maven_project -INFO - maximize the browser
2023-07-24 13:25:14,299 - Maven_project -INFO - Open application
2023-07-24 13:25:14,505 - Maven_project -INFO - enter the user email
2023-07-24 13:25:16,573 - Maven_project -INFO - enter the user password
2023-07-24 13:25:19,536 - Maven_project -INFO - Open browser
2023-07-24 13:25:19,554 - Maven_project -INFO - maximize the browser
2023-07-24 13:25:19,986 - Maven_project -INFO - click login
2023-07-24 13:25:21,941 - Maven_project -INFO - Open application
2023-07-24 13:25:22,247 - Maven_project -INFO - enter the user email
2023-07-24 13:25:24,342 - Maven_project -INFO - enter the user password
2023-07-24 17:44:37,179 - Maven_project -INFO - Open browser
2023-07-24 17:44:37,208 - Maven_project -INFO - maximize the browser
2023-07-24 17:44:39,411 - Maven_project -INFO - Open application
2023-07-24 17:44:39,679 - Maven_project -INFO - enter the user email
2023-07-24 17:44:41,741 - Maven_project -INFO - enter the user password
2023-07-24 17:44:44,412 - Maven_project -INFO - click login
2023-07-24 17:44:59,369 - Maven_project -INFO - Open browser
2023-07-24 17:44:59,379 - Maven_project -INFO - maximize the browser
2023-07-24 17:45:02,266 - Maven_project -INFO - Open application
2023-07-24 17:45:02,370 - Maven_project -INFO - enter the user email
2023-07-24 17:45:04,437 - Maven_project -INFO - enter the user password
2023-07-24 17:45:07,824 - Maven_project -INFO - click login
2023-07-24 17:45:21,224 - Maven_project -INFO - Open browser
2023-07-24 17:45:21,234 - Maven_project -INFO - maximize the browser
2023-07-24 17:45:23,315 - Maven_project -INFO - Open application
2023-07-24 17:45:23,430 - Maven_project -INFO - enter the user email
2023-07-24 17:45:25,492 - Maven_project -INFO - enter the user password
2023-07-24 17:45:28,070 - Maven_project -INFO - click login
2023-07-24 17:45:41,485 - Maven_project -INFO - Open browser
2023-07-24 17:45:41,497 - Maven_project -INFO - maximize the browser
2023-07-24 17:45:43,485 - Maven_project -INFO - Open application
2023-07-24 17:45:43,634 - Maven_project -INFO - enter the user email
2023-07-24 17:45:45,737 - Maven_project -INFO - enter the user password
2023-07-24 17:45:48,336 - Maven_project -INFO - click login
2023-07-24 17:46:01,170 - Maven_project -INFO - Open browser
2023-07-24 17:46:01,182 - Maven_project -INFO - maximize the browser
2023-07-24 17:46:02,449 - Maven_project -INFO - Open application
2023-07-24 17:46:02,597 - Maven_project -INFO - enter the user email
2023-07-24 17:46:04,709 - Maven_project -INFO - enter the user password
2023-07-24 17:46:07,324 - Maven_project -INFO - click login
2023-07-24 17:46:20,510 - Maven_project -INFO - Open browser
2023-07-24 17:46:20,516 - Maven_project -INFO - maximize the browser
2023-07-24 17:46:21,835 - Maven_project -INFO - Open application
2023-07-24 17:46:21,960 - Maven_project -INFO - enter the user email
2023-07-24 17:46:24,069 - Maven_project -INFO - enter the user password
2023-07-24 17:46:26,765 - Maven_project -INFO - click login
2023-07-24 17:51:27,135 - Maven_project -INFO - Open browser
2023-07-24 17:51:27,155 - Maven_project -INFO - maximize the browser
2023-07-24 17:51:29,620 - Maven_project -INFO - Open application
2023-07-24 17:51:29,839 - Maven_project -INFO - enter the user email
2023-07-24 17:51:31,918 - Maven_project -INFO - enter the user password
2023-07-24 17:51:35,288 - Maven_project -INFO - click login
2023-07-24 17:51:50,769 - Maven_project -INFO - Open browser
2023-07-24 17:51:50,781 - Maven_project -INFO - maximize the browser
2023-07-24 17:51:53,008 - Maven_project -INFO - Open application
2023-07-24 17:51:53,140 - Maven_project -INFO - enter the user email
2023-07-24 17:51:55,295 - Maven_project -INFO - enter the user password
2023-07-24 17:51:58,764 - Maven_project -INFO - click login
2023-07-24 17:52:12,065 - Maven_project -INFO - Open browser
2023-07-24 17:52:12,081 - Maven_project -INFO - maximize the browser
2023-07-24 17:52:14,208 - Maven_project -INFO - Open application
2023-07-24 17:52:14,418 - Maven_project -INFO - enter the user email
2023-07-24 17:52:16,490 - Maven_project -INFO - enter the user password
2023-07-24 17:52:19,215 - Maven_project -INFO - click login
2023-07-24 17:52:32,551 - Maven_project -INFO - Open browser
2023-07-24 17:52:32,562 - Maven_project -INFO - maximize the browser
2023-07-24 17:52:34,589 - Maven_project -INFO - Open application
2023-07-24 17:52:34,839 - Maven_project -INFO - enter the user email
2023-07-24 17:52:36,969 - Maven_project -INFO - enter the user password
2023-07-24 17:52:40,395 - Maven_project -INFO - click login
2023-07-24 17:52:53,887 - Maven_project -INFO - Open browser
2023-07-24 17:52:53,896 - Maven_project -INFO - maximize the browser
2023-07-24 17:52:55,968 - Maven_project -INFO - Open application
2023-07-24 17:52:56,079 - Maven_project -INFO - enter the user email
2023-07-24 17:52:58,195 - Maven_project -INFO - enter the user password
2023-07-24 17:53:01,640 - Maven_project -INFO - click login
2023-07-24 17:53:15,347 - Maven_project -INFO - Open browser
2023-07-24 17:53:15,353 - Maven_project -INFO - maximize the browser
2023-07-24 17:53:17,717 - Maven_project -INFO - Open application
2023-07-24 17:53:17,844 - Maven_project -INFO - enter the user email
2023-07-24 17:53:19,935 - Maven_project -INFO - enter the user password
2023-07-24 17:53:23,425 - Maven_project -INFO - click login
2023-07-25 13:35:24,222 - Maven_project -INFO - Open browser
2023-07-25 13:35:24,244 - Maven_project -INFO - maximize the browser
2023-07-25 13:35:26,538 - Maven_project -INFO - Open application
2023-07-25 13:35:26,731 - Maven_project -INFO - enter the user email
2023-07-25 13:35:28,782 - Maven_project -INFO - enter the user password
2023-07-25 13:35:31,360 - Maven_project -INFO - click login
2023-07-25 13:35:46,413 - Maven_project -INFO - Open browser
2023-07-25 13:35:46,440 - Maven_project -INFO - maximize the browser
2023-07-25 13:35:48,594 - Maven_project -INFO - Open application
2023-07-25 13:35:48,710 - Maven_project -INFO - enter the user email
2023-07-25 13:35:50,830 - Maven_project -INFO - enter the user password
2023-07-25 13:35:54,164 - Maven_project -INFO - click login
2023-07-25 13:36:07,289 - Maven_project -INFO - Open browser
2023-07-25 13:36:07,298 - Maven_project -INFO - maximize the browser
2023-07-25 13:36:08,568 - Maven_project -INFO - Open application
2023-07-25 13:36:08,730 - Maven_project -INFO - enter the user email
2023-07-25 13:36:10,836 - Maven_project -INFO - enter the user password
2023-07-25 13:36:13,421 - Maven_project -INFO - click login
2023-07-25 13:36:26,768 - Maven_project -INFO - Open browser
2023-07-25 13:36:26,775 - Maven_project -INFO - maximize the browser
2023-07-25 13:36:28,841 - Maven_project -INFO - Open application
2023-07-25 13:36:28,983 - Maven_project -INFO - enter the user email
2023-07-25 13:36:31,083 - Maven_project -INFO - enter the user password
2023-07-25 13:36:33,733 - Maven_project -INFO - click login
2023-07-25 13:36:46,642 - Maven_project -INFO - Open browser
2023-07-25 13:36:46,651 - Maven_project -INFO - maximize the browser
2023-07-25 13:36:49,834 - Maven_project -INFO - Open application
2023-07-25 13:36:49,939 - Maven_project -INFO - enter the user email
2023-07-25 13:36:52,033 - Maven_project -INFO - enter the user password
2023-07-25 13:36:54,644 - Maven_project -INFO - click login
2023-07-25 13:37:07,528 - Maven_project -INFO - Open browser
2023-07-25 13:37:07,534 - Maven_project -INFO - maximize the browser
2023-07-25 13:37:08,858 - Maven_project -INFO - Open application
2023-07-25 13:37:08,972 - Maven_project -INFO - enter the user email
2023-07-25 13:37:11,059 - Maven_project -INFO - enter the user password
2023-07-25 13:37:14,368 - Maven_project -INFO - click login
